Start testing: May 28 20:11 CEST
----------------------------------------------------------
1/18 Testing: MapTest.DefaultConstructor
1/18 Test: MapTest.DefaultConstructor
Command: "/home/jakubm/Documents/Cpp/ProjektPROI/209.1-robot-sprzatajacy/build/tests/MapTests" "--gtest_filter=MapTest.DefaultConstructor" "--gtest_also_run_disabled_tests"
Directory: /home/jakubm/Documents/Cpp/ProjektPROI/209.1-robot-sprzatajacy/build/tests
"MapTest.DefaultConstructor" start time: May 28 20:11 CEST
Output:
----------------------------------------------------------
Running main() from /builddir/build/BUILD/gtest-1.14.0-build/googletest-1.14.0/googletest/src/gtest_main.cc
Note: Google Test filter = MapTest.DefaultConstructor
[==========] Running 1 test from 1 test suite.
[----------] Global test environment set-up.
[----------] 1 test from MapTest
[ RUN      ] MapTest.DefaultConstructor
[       OK ] MapTest.DefaultConstructor (0 ms)
[----------] 1 test from MapTest (0 ms total)

[----------] Global test environment tear-down
[==========] 1 test from 1 test suite ran. (0 ms total)
[  PASSED  ] 1 test.
<end of output>
Test time =   0.00 sec
----------------------------------------------------------
Test Passed.
"MapTest.DefaultConstructor" end time: May 28 20:11 CEST
"MapTest.DefaultConstructor" time elapsed: 00:00:00
----------------------------------------------------------

2/18 Testing: MapTest.DimensionConstructor
2/18 Test: MapTest.DimensionConstructor
Command: "/home/jakubm/Documents/Cpp/ProjektPROI/209.1-robot-sprzatajacy/build/tests/MapTests" "--gtest_filter=MapTest.DimensionConstructor" "--gtest_also_run_disabled_tests"
Directory: /home/jakubm/Documents/Cpp/ProjektPROI/209.1-robot-sprzatajacy/build/tests
"MapTest.DimensionConstructor" start time: May 28 20:11 CEST
Output:
----------------------------------------------------------
Running main() from /builddir/build/BUILD/gtest-1.14.0-build/googletest-1.14.0/googletest/src/gtest_main.cc
Note: Google Test filter = MapTest.DimensionConstructor
[==========] Running 1 test from 1 test suite.
[----------] Global test environment set-up.
[----------] 1 test from MapTest
[ RUN      ] MapTest.DimensionConstructor
[       OK ] MapTest.DimensionConstructor (0 ms)
[----------] 1 test from MapTest (0 ms total)

[----------] Global test environment tear-down
[==========] 1 test from 1 test suite ran. (0 ms total)
[  PASSED  ] 1 test.
<end of output>
Test time =   0.00 sec
----------------------------------------------------------
Test Passed.
"MapTest.DimensionConstructor" end time: May 28 20:11 CEST
"MapTest.DimensionConstructor" time elapsed: 00:00:00
----------------------------------------------------------

3/18 Testing: MapTest.StreamConstructorValid
3/18 Test: MapTest.StreamConstructorValid
Command: "/home/jakubm/Documents/Cpp/ProjektPROI/209.1-robot-sprzatajacy/build/tests/MapTests" "--gtest_filter=MapTest.StreamConstructorValid" "--gtest_also_run_disabled_tests"
Directory: /home/jakubm/Documents/Cpp/ProjektPROI/209.1-robot-sprzatajacy/build/tests
"MapTest.StreamConstructorValid" start time: May 28 20:11 CEST
Output:
----------------------------------------------------------
Running main() from /builddir/build/BUILD/gtest-1.14.0-build/googletest-1.14.0/googletest/src/gtest_main.cc
Note: Google Test filter = MapTest.StreamConstructorValid
[==========] Running 1 test from 1 test suite.
[----------] Global test environment set-up.
[----------] 1 test from MapTest
[ RUN      ] MapTest.StreamConstructorValid
[       OK ] MapTest.StreamConstructorValid (0 ms)
[----------] 1 test from MapTest (0 ms total)

[----------] Global test environment tear-down
[==========] 1 test from 1 test suite ran. (0 ms total)
[  PASSED  ] 1 test.
<end of output>
Test time =   0.00 sec
----------------------------------------------------------
Test Passed.
"MapTest.StreamConstructorValid" end time: May 28 20:11 CEST
"MapTest.StreamConstructorValid" time elapsed: 00:00:00
----------------------------------------------------------

4/18 Testing: MapTest.StreamConstructorWithObstacles
4/18 Test: MapTest.StreamConstructorWithObstacles
Command: "/home/jakubm/Documents/Cpp/ProjektPROI/209.1-robot-sprzatajacy/build/tests/MapTests" "--gtest_filter=MapTest.StreamConstructorWithObstacles" "--gtest_also_run_disabled_tests"
Directory: /home/jakubm/Documents/Cpp/ProjektPROI/209.1-robot-sprzatajacy/build/tests
"MapTest.StreamConstructorWithObstacles" start time: May 28 20:11 CEST
Output:
----------------------------------------------------------
Running main() from /builddir/build/BUILD/gtest-1.14.0-build/googletest-1.14.0/googletest/src/gtest_main.cc
Note: Google Test filter = MapTest.StreamConstructorWithObstacles
[==========] Running 1 test from 1 test suite.
[----------] Global test environment set-up.
[----------] 1 test from MapTest
[ RUN      ] MapTest.StreamConstructorWithObstacles
[       OK ] MapTest.StreamConstructorWithObstacles (0 ms)
[----------] 1 test from MapTest (0 ms total)

[----------] Global test environment tear-down
[==========] 1 test from 1 test suite ran. (0 ms total)
[  PASSED  ] 1 test.
<end of output>
Test time =   0.00 sec
----------------------------------------------------------
Test Passed.
"MapTest.StreamConstructorWithObstacles" end time: May 28 20:11 CEST
"MapTest.StreamConstructorWithObstacles" time elapsed: 00:00:00
----------------------------------------------------------

5/18 Testing: MapTest.InvalidMaps
5/18 Test: MapTest.InvalidMaps
Command: "/home/jakubm/Documents/Cpp/ProjektPROI/209.1-robot-sprzatajacy/build/tests/MapTests" "--gtest_filter=MapTest.InvalidMaps" "--gtest_also_run_disabled_tests"
Directory: /home/jakubm/Documents/Cpp/ProjektPROI/209.1-robot-sprzatajacy/build/tests
"MapTest.InvalidMaps" start time: May 28 20:11 CEST
Output:
----------------------------------------------------------
Running main() from /builddir/build/BUILD/gtest-1.14.0-build/googletest-1.14.0/googletest/src/gtest_main.cc
Note: Google Test filter = MapTest.InvalidMaps
[==========] Running 1 test from 1 test suite.
[----------] Global test environment set-up.
[----------] 1 test from MapTest
[ RUN      ] MapTest.InvalidMaps
[       OK ] MapTest.InvalidMaps (0 ms)
[----------] 1 test from MapTest (0 ms total)

[----------] Global test environment tear-down
[==========] 1 test from 1 test suite ran. (0 ms total)
[  PASSED  ] 1 test.
<end of output>
Test time =   0.00 sec
----------------------------------------------------------
Test Passed.
"MapTest.InvalidMaps" end time: May 28 20:11 CEST
"MapTest.InvalidMaps" time elapsed: 00:00:00
----------------------------------------------------------

6/18 Testing: MapTest.CopyConstructor
6/18 Test: MapTest.CopyConstructor
Command: "/home/jakubm/Documents/Cpp/ProjektPROI/209.1-robot-sprzatajacy/build/tests/MapTests" "--gtest_filter=MapTest.CopyConstructor" "--gtest_also_run_disabled_tests"
Directory: /home/jakubm/Documents/Cpp/ProjektPROI/209.1-robot-sprzatajacy/build/tests
"MapTest.CopyConstructor" start time: May 28 20:11 CEST
Output:
----------------------------------------------------------
Running main() from /builddir/build/BUILD/gtest-1.14.0-build/googletest-1.14.0/googletest/src/gtest_main.cc
Note: Google Test filter = MapTest.CopyConstructor
[==========] Running 1 test from 1 test suite.
[----------] Global test environment set-up.
[----------] 1 test from MapTest
[ RUN      ] MapTest.CopyConstructor
[       OK ] MapTest.CopyConstructor (0 ms)
[----------] 1 test from MapTest (0 ms total)

[----------] Global test environment tear-down
[==========] 1 test from 1 test suite ran. (0 ms total)
[  PASSED  ] 1 test.
<end of output>
Test time =   0.00 sec
----------------------------------------------------------
Test Passed.
"MapTest.CopyConstructor" end time: May 28 20:11 CEST
"MapTest.CopyConstructor" time elapsed: 00:00:00
----------------------------------------------------------

7/18 Testing: MapTest.CopyAssignment
7/18 Test: MapTest.CopyAssignment
Command: "/home/jakubm/Documents/Cpp/ProjektPROI/209.1-robot-sprzatajacy/build/tests/MapTests" "--gtest_filter=MapTest.CopyAssignment" "--gtest_also_run_disabled_tests"
Directory: /home/jakubm/Documents/Cpp/ProjektPROI/209.1-robot-sprzatajacy/build/tests
"MapTest.CopyAssignment" start time: May 28 20:11 CEST
Output:
----------------------------------------------------------
Running main() from /builddir/build/BUILD/gtest-1.14.0-build/googletest-1.14.0/googletest/src/gtest_main.cc
Note: Google Test filter = MapTest.CopyAssignment
[==========] Running 1 test from 1 test suite.
[----------] Global test environment set-up.
[----------] 1 test from MapTest
[ RUN      ] MapTest.CopyAssignment
[       OK ] MapTest.CopyAssignment (0 ms)
[----------] 1 test from MapTest (0 ms total)

[----------] Global test environment tear-down
[==========] 1 test from 1 test suite ran. (0 ms total)
[  PASSED  ] 1 test.
<end of output>
Test time =   0.00 sec
----------------------------------------------------------
Test Passed.
"MapTest.CopyAssignment" end time: May 28 20:11 CEST
"MapTest.CopyAssignment" time elapsed: 00:00:00
----------------------------------------------------------

8/18 Testing: MapTest.GetIndex
8/18 Test: MapTest.GetIndex
Command: "/home/jakubm/Documents/Cpp/ProjektPROI/209.1-robot-sprzatajacy/build/tests/MapTests" "--gtest_filter=MapTest.GetIndex" "--gtest_also_run_disabled_tests"
Directory: /home/jakubm/Documents/Cpp/ProjektPROI/209.1-robot-sprzatajacy/build/tests
"MapTest.GetIndex" start time: May 28 20:11 CEST
Output:
----------------------------------------------------------
Running main() from /builddir/build/BUILD/gtest-1.14.0-build/googletest-1.14.0/googletest/src/gtest_main.cc
Note: Google Test filter = MapTest.GetIndex
[==========] Running 1 test from 1 test suite.
[----------] Global test environment set-up.
[----------] 1 test from MapTest
[ RUN      ] MapTest.GetIndex
[       OK ] MapTest.GetIndex (0 ms)
[----------] 1 test from MapTest (0 ms total)

[----------] Global test environment tear-down
[==========] 1 test from 1 test suite ran. (0 ms total)
[  PASSED  ] 1 test.
<end of output>
Test time =   0.00 sec
----------------------------------------------------------
Test Passed.
"MapTest.GetIndex" end time: May 28 20:11 CEST
"MapTest.GetIndex" time elapsed: 00:00:00
----------------------------------------------------------

9/18 Testing: MapTest.GetTile
9/18 Test: MapTest.GetTile
Command: "/home/jakubm/Documents/Cpp/ProjektPROI/209.1-robot-sprzatajacy/build/tests/MapTests" "--gtest_filter=MapTest.GetTile" "--gtest_also_run_disabled_tests"
Directory: /home/jakubm/Documents/Cpp/ProjektPROI/209.1-robot-sprzatajacy/build/tests
"MapTest.GetTile" start time: May 28 20:11 CEST
Output:
----------------------------------------------------------
Running main() from /builddir/build/BUILD/gtest-1.14.0-build/googletest-1.14.0/googletest/src/gtest_main.cc
Note: Google Test filter = MapTest.GetTile
[==========] Running 1 test from 1 test suite.
[----------] Global test environment set-up.
[----------] 1 test from MapTest
[ RUN      ] MapTest.GetTile
[       OK ] MapTest.GetTile (0 ms)
[----------] 1 test from MapTest (0 ms total)

[----------] Global test environment tear-down
[==========] 1 test from 1 test suite ran. (0 ms total)
[  PASSED  ] 1 test.
<end of output>
Test time =   0.00 sec
----------------------------------------------------------
Test Passed.
"MapTest.GetTile" end time: May 28 20:11 CEST
"MapTest.GetTile" time elapsed: 00:00:00
----------------------------------------------------------

10/18 Testing: MapTest.CanMoveOn
10/18 Test: MapTest.CanMoveOn
Command: "/home/jakubm/Documents/Cpp/ProjektPROI/209.1-robot-sprzatajacy/build/tests/MapTests" "--gtest_filter=MapTest.CanMoveOn" "--gtest_also_run_disabled_tests"
Directory: /home/jakubm/Documents/Cpp/ProjektPROI/209.1-robot-sprzatajacy/build/tests
"MapTest.CanMoveOn" start time: May 28 20:11 CEST
Output:
----------------------------------------------------------
Running main() from /builddir/build/BUILD/gtest-1.14.0-build/googletest-1.14.0/googletest/src/gtest_main.cc
Note: Google Test filter = MapTest.CanMoveOn
[==========] Running 1 test from 1 test suite.
[----------] Global test environment set-up.
[----------] 1 test from MapTest
[ RUN      ] MapTest.CanMoveOn
[       OK ] MapTest.CanMoveOn (0 ms)
[----------] 1 test from MapTest (0 ms total)

[----------] Global test environment tear-down
[==========] 1 test from 1 test suite ran. (0 ms total)
[  PASSED  ] 1 test.
<end of output>
Test time =   0.00 sec
----------------------------------------------------------
Test Passed.
"MapTest.CanMoveOn" end time: May 28 20:11 CEST
"MapTest.CanMoveOn" time elapsed: 00:00:00
----------------------------------------------------------

11/18 Testing: MapTest.UpdateTile
11/18 Test: MapTest.UpdateTile
Command: "/home/jakubm/Documents/Cpp/ProjektPROI/209.1-robot-sprzatajacy/build/tests/MapTests" "--gtest_filter=MapTest.UpdateTile" "--gtest_also_run_disabled_tests"
Directory: /home/jakubm/Documents/Cpp/ProjektPROI/209.1-robot-sprzatajacy/build/tests
"MapTest.UpdateTile" start time: May 28 20:11 CEST
Output:
----------------------------------------------------------
Running main() from /builddir/build/BUILD/gtest-1.14.0-build/googletest-1.14.0/googletest/src/gtest_main.cc
Note: Google Test filter = MapTest.UpdateTile
[==========] Running 1 test from 1 test suite.
[----------] Global test environment set-up.
[----------] 1 test from MapTest
[ RUN      ] MapTest.UpdateTile
[       OK ] MapTest.UpdateTile (0 ms)
[----------] 1 test from MapTest (0 ms total)

[----------] Global test environment tear-down
[==========] 1 test from 1 test suite ran. (0 ms total)
[  PASSED  ] 1 test.
<end of output>
Test time =   0.00 sec
----------------------------------------------------------
Test Passed.
"MapTest.UpdateTile" end time: May 28 20:11 CEST
"MapTest.UpdateTile" time elapsed: 00:00:00
----------------------------------------------------------

12/18 Testing: MapTest.SaveLoadConsistency
12/18 Test: MapTest.SaveLoadConsistency
Command: "/home/jakubm/Documents/Cpp/ProjektPROI/209.1-robot-sprzatajacy/build/tests/MapTests" "--gtest_filter=MapTest.SaveLoadConsistency" "--gtest_also_run_disabled_tests"
Directory: /home/jakubm/Documents/Cpp/ProjektPROI/209.1-robot-sprzatajacy/build/tests
"MapTest.SaveLoadConsistency" start time: May 28 20:11 CEST
Output:
----------------------------------------------------------
Running main() from /builddir/build/BUILD/gtest-1.14.0-build/googletest-1.14.0/googletest/src/gtest_main.cc
Note: Google Test filter = MapTest.SaveLoadConsistency
[==========] Running 1 test from 1 test suite.
[----------] Global test environment set-up.
[----------] 1 test from MapTest
[ RUN      ] MapTest.SaveLoadConsistency
[       OK ] MapTest.SaveLoadConsistency (0 ms)
[----------] 1 test from MapTest (0 ms total)

[----------] Global test environment tear-down
[==========] 1 test from 1 test suite ran. (0 ms total)
[  PASSED  ] 1 test.
<end of output>
Test time =   0.00 sec
----------------------------------------------------------
Test Passed.
"MapTest.SaveLoadConsistency" end time: May 28 20:11 CEST
"MapTest.SaveLoadConsistency" time elapsed: 00:00:00
----------------------------------------------------------

13/18 Testing: MapTest.MapValidation
13/18 Test: MapTest.MapValidation
Command: "/home/jakubm/Documents/Cpp/ProjektPROI/209.1-robot-sprzatajacy/build/tests/MapTests" "--gtest_filter=MapTest.MapValidation" "--gtest_also_run_disabled_tests"
Directory: /home/jakubm/Documents/Cpp/ProjektPROI/209.1-robot-sprzatajacy/build/tests
"MapTest.MapValidation" start time: May 28 20:11 CEST
Output:
----------------------------------------------------------
Running main() from /builddir/build/BUILD/gtest-1.14.0-build/googletest-1.14.0/googletest/src/gtest_main.cc
Note: Google Test filter = MapTest.MapValidation
[==========] Running 1 test from 1 test suite.
[----------] Global test environment set-up.
[----------] 1 test from MapTest
[ RUN      ] MapTest.MapValidation
[       OK ] MapTest.MapValidation (0 ms)
[----------] 1 test from MapTest (0 ms total)

[----------] Global test environment tear-down
[==========] 1 test from 1 test suite ran. (0 ms total)
[  PASSED  ] 1 test.
<end of output>
Test time =   0.00 sec
----------------------------------------------------------
Test Passed.
"MapTest.MapValidation" end time: May 28 20:11 CEST
"MapTest.MapValidation" time elapsed: 00:00:00
----------------------------------------------------------

14/18 Testing: MapTest.UnVisitedTiles
14/18 Test: MapTest.UnVisitedTiles
Command: "/home/jakubm/Documents/Cpp/ProjektPROI/209.1-robot-sprzatajacy/build/tests/MapTests" "--gtest_filter=MapTest.UnVisitedTiles" "--gtest_also_run_disabled_tests"
Directory: /home/jakubm/Documents/Cpp/ProjektPROI/209.1-robot-sprzatajacy/build/tests
"MapTest.UnVisitedTiles" start time: May 28 20:11 CEST
Output:
----------------------------------------------------------
Running main() from /builddir/build/BUILD/gtest-1.14.0-build/googletest-1.14.0/googletest/src/gtest_main.cc
Note: Google Test filter = MapTest.UnVisitedTiles
[==========] Running 1 test from 1 test suite.
[----------] Global test environment set-up.
[----------] 1 test from MapTest
[ RUN      ] MapTest.UnVisitedTiles
[       OK ] MapTest.UnVisitedTiles (0 ms)
[----------] 1 test from MapTest (0 ms total)

[----------] Global test environment tear-down
[==========] 1 test from 1 test suite ran. (0 ms total)
[  PASSED  ] 1 test.
<end of output>
Test time =   0.00 sec
----------------------------------------------------------
Test Passed.
"MapTest.UnVisitedTiles" end time: May 28 20:11 CEST
"MapTest.UnVisitedTiles" time elapsed: 00:00:00
----------------------------------------------------------

15/18 Testing: MapTest.GetIndexEdgeCases
15/18 Test: MapTest.GetIndexEdgeCases
Command: "/home/jakubm/Documents/Cpp/ProjektPROI/209.1-robot-sprzatajacy/build/tests/MapTests" "--gtest_filter=MapTest.GetIndexEdgeCases" "--gtest_also_run_disabled_tests"
Directory: /home/jakubm/Documents/Cpp/ProjektPROI/209.1-robot-sprzatajacy/build/tests
"MapTest.GetIndexEdgeCases" start time: May 28 20:11 CEST
Output:
----------------------------------------------------------
Running main() from /builddir/build/BUILD/gtest-1.14.0-build/googletest-1.14.0/googletest/src/gtest_main.cc
Note: Google Test filter = MapTest.GetIndexEdgeCases
[==========] Running 1 test from 1 test suite.
[----------] Global test environment set-up.
[----------] 1 test from MapTest
[ RUN      ] MapTest.GetIndexEdgeCases
[       OK ] MapTest.GetIndexEdgeCases (0 ms)
[----------] 1 test from MapTest (0 ms total)

[----------] Global test environment tear-down
[==========] 1 test from 1 test suite ran. (0 ms total)
[  PASSED  ] 1 test.
<end of output>
Test time =   0.00 sec
----------------------------------------------------------
Test Passed.
"MapTest.GetIndexEdgeCases" end time: May 28 20:11 CEST
"MapTest.GetIndexEdgeCases" time elapsed: 00:00:00
----------------------------------------------------------

16/18 Testing: MapTest.MoveOperationsOnDifferentTiles
16/18 Test: MapTest.MoveOperationsOnDifferentTiles
Command: "/home/jakubm/Documents/Cpp/ProjektPROI/209.1-robot-sprzatajacy/build/tests/MapTests" "--gtest_filter=MapTest.MoveOperationsOnDifferentTiles" "--gtest_also_run_disabled_tests"
Directory: /home/jakubm/Documents/Cpp/ProjektPROI/209.1-robot-sprzatajacy/build/tests
"MapTest.MoveOperationsOnDifferentTiles" start time: May 28 20:11 CEST
Output:
----------------------------------------------------------
Running main() from /builddir/build/BUILD/gtest-1.14.0-build/googletest-1.14.0/googletest/src/gtest_main.cc
Note: Google Test filter = MapTest.MoveOperationsOnDifferentTiles
[==========] Running 1 test from 1 test suite.
[----------] Global test environment set-up.
[----------] 1 test from MapTest
[ RUN      ] MapTest.MoveOperationsOnDifferentTiles
[       OK ] MapTest.MoveOperationsOnDifferentTiles (0 ms)
[----------] 1 test from MapTest (0 ms total)

[----------] Global test environment tear-down
[==========] 1 test from 1 test suite ran. (0 ms total)
[  PASSED  ] 1 test.
<end of output>
Test time =   0.00 sec
----------------------------------------------------------
Test Passed.
"MapTest.MoveOperationsOnDifferentTiles" end time: May 28 20:11 CEST
"MapTest.MoveOperationsOnDifferentTiles" time elapsed: 00:00:00
----------------------------------------------------------

17/18 Testing: MapTest.OutputOperator
17/18 Test: MapTest.OutputOperator
Command: "/home/jakubm/Documents/Cpp/ProjektPROI/209.1-robot-sprzatajacy/build/tests/MapTests" "--gtest_filter=MapTest.OutputOperator" "--gtest_also_run_disabled_tests"
Directory: /home/jakubm/Documents/Cpp/ProjektPROI/209.1-robot-sprzatajacy/build/tests
"MapTest.OutputOperator" start time: May 28 20:11 CEST
Output:
----------------------------------------------------------
Running main() from /builddir/build/BUILD/gtest-1.14.0-build/googletest-1.14.0/googletest/src/gtest_main.cc
Note: Google Test filter = MapTest.OutputOperator
[==========] Running 1 test from 1 test suite.
[----------] Global test environment set-up.
[----------] 1 test from MapTest
[ RUN      ] MapTest.OutputOperator
[       OK ] MapTest.OutputOperator (0 ms)
[----------] 1 test from MapTest (0 ms total)

[----------] Global test environment tear-down
[==========] 1 test from 1 test suite ran. (0 ms total)
[  PASSED  ] 1 test.
<end of output>
Test time =   0.00 sec
----------------------------------------------------------
Test Passed.
"MapTest.OutputOperator" end time: May 28 20:11 CEST
"MapTest.OutputOperator" time elapsed: 00:00:00
----------------------------------------------------------

18/18 Testing: MapTests
18/18 Test: MapTests
Command: "/home/jakubm/Documents/Cpp/ProjektPROI/209.1-robot-sprzatajacy/build/tests/MapTests"
Directory: /home/jakubm/Documents/Cpp/ProjektPROI/209.1-robot-sprzatajacy/build/tests
"MapTests" start time: May 28 20:11 CEST
Output:
----------------------------------------------------------
Running main() from /builddir/build/BUILD/gtest-1.14.0-build/googletest-1.14.0/googletest/src/gtest_main.cc
[==========] Running 17 tests from 1 test suite.
[----------] Global test environment set-up.
[----------] 17 tests from MapTest
[ RUN      ] MapTest.DefaultConstructor
[       OK ] MapTest.DefaultConstructor (0 ms)
[ RUN      ] MapTest.DimensionConstructor
[       OK ] MapTest.DimensionConstructor (0 ms)
[ RUN      ] MapTest.StreamConstructorValid
[       OK ] MapTest.StreamConstructorValid (0 ms)
[ RUN      ] MapTest.StreamConstructorWithObstacles
[       OK ] MapTest.StreamConstructorWithObstacles (0 ms)
[ RUN      ] MapTest.InvalidMaps
[       OK ] MapTest.InvalidMaps (0 ms)
[ RUN      ] MapTest.CopyConstructor
[       OK ] MapTest.CopyConstructor (0 ms)
[ RUN      ] MapTest.CopyAssignment
[       OK ] MapTest.CopyAssignment (0 ms)
[ RUN      ] MapTest.GetIndex
[       OK ] MapTest.GetIndex (0 ms)
[ RUN      ] MapTest.GetTile
[       OK ] MapTest.GetTile (0 ms)
[ RUN      ] MapTest.CanMoveOn
[       OK ] MapTest.CanMoveOn (0 ms)
[ RUN      ] MapTest.UpdateTile
[       OK ] MapTest.UpdateTile (0 ms)
[ RUN      ] MapTest.SaveLoadConsistency
[       OK ] MapTest.SaveLoadConsistency (0 ms)
[ RUN      ] MapTest.MapValidation
[       OK ] MapTest.MapValidation (0 ms)
[ RUN      ] MapTest.UnVisitedTiles
[       OK ] MapTest.UnVisitedTiles (0 ms)
[ RUN      ] MapTest.GetIndexEdgeCases
[       OK ] MapTest.GetIndexEdgeCases (0 ms)
[ RUN      ] MapTest.MoveOperationsOnDifferentTiles
[       OK ] MapTest.MoveOperationsOnDifferentTiles (0 ms)
[ RUN      ] MapTest.OutputOperator
[       OK ] MapTest.OutputOperator (0 ms)
[----------] 17 tests from MapTest (0 ms total)

[----------] Global test environment tear-down
[==========] 17 tests from 1 test suite ran. (0 ms total)
[  PASSED  ] 17 tests.
<end of output>
Test time =   0.00 sec
----------------------------------------------------------
Test Passed.
"MapTests" end time: May 28 20:11 CEST
"MapTests" time elapsed: 00:00:00
----------------------------------------------------------

End testing: May 28 20:11 CEST
